[0.304s] DEBUG:colcon:Command line arguments: ['/usr/bin/colcon', 'build']
[0.304s] DEBUG:colcon:Parsed command line arguments: Namespace(allow_overriding=[], ament_cmake_args=None, base_paths=['.'], build_base='build', catkin_cmake_args=None, catkin_skip_building_tests=False, cmake_args=None, cmake_clean_cache=False, cmake_clean_first=False, cmake_force_configure=False, cmake_target=None, cmake_target_skip_unavailable=False, continue_on_error=False, event_handlers=None, executor='parallel', ignore_user_meta=False, install_base='install', log_base=None, log_level=None, main=<bound method BuildVerb.main of <colcon_core.verb.build.BuildVerb object at 0x7f30b8b825b0>>, merge_install=False, metas=['./colcon.meta'], packages_above=None, packages_above_and_dependencies=None, packages_above_depth=None, packages_end=None, packages_ignore=None, packages_ignore_regex=None, packages_select=None, packages_select_build_failed=False, packages_select_by_dep=None, packages_select_regex=None, packages_select_test_failures=False, packages_skip=None, packages_skip_build_finished=False, packages_skip_by_dep=None, packages_skip_regex=None, packages_skip_test_passed=False, packages_skip_up_to=None, packages_start=None, packages_up_to=None, packages_up_to_regex=None, parallel_workers=4, paths=None, symlink_install=False, test_result_base=None, verb_extension=<colcon_core.verb.build.BuildVerb object at 0x7f30b8b825b0>, verb_name='build', verb_parser=<colcon_defaults.argument_parser.defaults.DefaultArgumentsDecorator object at 0x7f30b8b82af0>)
[0.375s] Level 1:colcon.colcon_core.package_discovery:discover_packages(colcon_meta) check parameters
[0.375s] Level 1:colcon.colcon_core.package_discovery:discover_packages(recursive) check parameters
[0.375s] Level 1:colcon.colcon_core.package_discovery:discover_packages(ignore) check parameters
[0.375s] Level 1:colcon.colcon_core.package_discovery:discover_packages(path) check parameters
[0.375s] Level 1:colcon.colcon_core.package_discovery:discover_packages(colcon_meta) discover
[0.376s] Level 1:colcon.colcon_core.package_discovery:discover_packages(recursive) discover
[0.376s] INFO:colcon.colcon_core.package_discovery:Crawling recursively for packages in '/home/daniel/ROS_Workspaces/ros2_ws/src/ros_wheelchair_project'
[0.376s] Level 1:colcon.colcon_core.package_identification:_identify(.) by extensions ['ignore', 'ignore_ament_install']
[0.376s] Level 1:colcon.colcon_core.package_identification:_identify(.) by extension 'ignore'
[0.376s] Level 1:colcon.colcon_core.package_identification:_identify(.) by extension 'ignore_ament_install'
[0.376s] Level 1:colcon.colcon_core.package_identification:_identify(.) by extensions ['colcon_pkg']
[0.377s] Level 1:colcon.colcon_core.package_identification:_identify(.) by extension 'colcon_pkg'
[0.377s] Level 1:colcon.colcon_core.package_identification:_identify(.) by extensions ['colcon_meta']
[0.377s] Level 1:colcon.colcon_core.package_identification:_identify(.) by extension 'colcon_meta'
[0.377s] Level 1:colcon.colcon_core.package_identification:_identify(.) by extensions ['ros']
[0.377s] Level 1:colcon.colcon_core.package_identification:_identify(.) by extension 'ros'
[0.439s] DEBUG:colcon.colcon_core.package_identification:Package '.' with type 'ros.ament_cmake' and name 'ros_wheelchair_project'
[0.439s] Level 1:colcon.colcon_core.package_discovery:discover_packages(recursive) using defaults
[0.440s] Level 1:colcon.colcon_core.package_discovery:discover_packages(ignore) discover
[0.440s] Level 1:colcon.colcon_core.package_discovery:discover_packages(ignore) using defaults
[0.440s] Level 1:colcon.colcon_core.package_discovery:discover_packages(path) discover
[0.440s] Level 1:colcon.colcon_core.package_discovery:discover_packages(path) using defaults
[0.472s] Level 1:colcon.colcon_core.package_discovery:discover_packages(prefix_path) check parameters
[0.472s] Level 1:colcon.colcon_core.package_discovery:discover_packages(prefix_path) discover
[0.478s] DEBUG:colcon.colcon_installed_package_information.package_discovery:Found 256 installed packages in /opt/ros/foxy
[0.480s] Level 1:colcon.colcon_core.package_discovery:discover_packages(prefix_path) using defaults
[0.593s] Level 5:colcon.colcon_core.verb:set package 'ros_wheelchair_project' build argument 'cmake_args' from command line to 'None'
[0.594s] Level 5:colcon.colcon_core.verb:set package 'ros_wheelchair_project' build argument 'cmake_target' from command line to 'None'
[0.594s] Level 5:colcon.colcon_core.verb:set package 'ros_wheelchair_project' build argument 'cmake_target_skip_unavailable' from command line to 'False'
[0.594s] Level 5:colcon.colcon_core.verb:set package 'ros_wheelchair_project' build argument 'cmake_clean_cache' from command line to 'False'
[0.594s] Level 5:colcon.colcon_core.verb:set package 'ros_wheelchair_project' build argument 'cmake_clean_first' from command line to 'False'
[0.594s] Level 5:colcon.colcon_core.verb:set package 'ros_wheelchair_project' build argument 'cmake_force_configure' from command line to 'False'
[0.594s] Level 5:colcon.colcon_core.verb:set package 'ros_wheelchair_project' build argument 'ament_cmake_args' from command line to 'None'
[0.594s] Level 5:colcon.colcon_core.verb:set package 'ros_wheelchair_project' build argument 'catkin_cmake_args' from command line to 'None'
[0.594s] Level 5:colcon.colcon_core.verb:set package 'ros_wheelchair_project' build argument 'catkin_skip_building_tests' from command line to 'False'
[0.594s] DEBUG:colcon.colcon_core.verb:Building package 'ros_wheelchair_project' with the following arguments: {'ament_cmake_args': None, 'build_base': '/home/daniel/ROS_Workspaces/ros2_ws/src/ros_wheelchair_project/build/ros_wheelchair_project', 'catkin_cmake_args': None, 'catkin_skip_building_tests': False, 'cmake_args': None, 'cmake_clean_cache': False, 'cmake_clean_first': False, 'cmake_force_configure': False, 'cmake_target': None, 'cmake_target_skip_unavailable': False, 'install_base': '/home/daniel/ROS_Workspaces/ros2_ws/src/ros_wheelchair_project/install/ros_wheelchair_project', 'merge_install': False, 'path': '/home/daniel/ROS_Workspaces/ros2_ws/src/ros_wheelchair_project', 'symlink_install': False, 'test_result_base': None}
[0.595s] INFO:colcon.colcon_core.executor:Executing jobs using 'parallel' executor
[0.602s] DEBUG:colcon.colcon_parallel_executor.executor.parallel:run_until_complete
[0.603s] INFO:colcon.colcon_ros.task.ament_cmake.build:Building ROS package in '/home/daniel/ROS_Workspaces/ros2_ws/src/ros_wheelchair_project' with build type 'ament_cmake'
[0.603s] INFO:colcon.colcon_cmake.task.cmake.build:Building CMake package in '/home/daniel/ROS_Workspaces/ros2_ws/src/ros_wheelchair_project'
[0.613s] INFO:colcon.colcon_core.plugin_system:Skipping extension 'colcon_core.shell.bat': Not used on non-Windows systems
[0.614s] INFO:colcon.colcon_core.shell:Skip shell extension 'powershell' for command environment: Not usable outside of PowerShell
[0.614s] DEBUG:colcon.colcon_core.shell:Skip shell extension 'dsv' for command environment
[0.650s] DEBUG:colcon.colcon_core.event_handler.log_command:Invoking command in '/home/daniel/ROS_Workspaces/ros2_ws/src/ros_wheelchair_project/build/ros_wheelchair_project': CMAKE_PREFIX_PATH=/opt/ros/foxy /usr/bin/cmake /home/daniel/ROS_Workspaces/ros2_ws/src/ros_wheelchair_project -DCMAKE_INSTALL_PREFIX=/home/daniel/ROS_Workspaces/ros2_ws/src/ros_wheelchair_project/install/ros_wheelchair_project
[3.590s] DEBUG:colcon.colcon_core.event_handler.log_command:Invoked command in '/home/daniel/ROS_Workspaces/ros2_ws/src/ros_wheelchair_project/build/ros_wheelchair_project' returned '0': CMAKE_PREFIX_PATH=/opt/ros/foxy /usr/bin/cmake /home/daniel/ROS_Workspaces/ros2_ws/src/ros_wheelchair_project -DCMAKE_INSTALL_PREFIX=/home/daniel/ROS_Workspaces/ros2_ws/src/ros_wheelchair_project/install/ros_wheelchair_project
[3.606s] DEBUG:colcon.colcon_core.event_handler.log_command:Invoking command in '/home/daniel/ROS_Workspaces/ros2_ws/src/ros_wheelchair_project/build/ros_wheelchair_project': CMAKE_PREFIX_PATH=/opt/ros/foxy /usr/bin/cmake --build /home/daniel/ROS_Workspaces/ros2_ws/src/ros_wheelchair_project/build/ros_wheelchair_project -- -j4 -l4
[3.731s] DEBUG:colcon.colcon_core.event_handler.log_command:Invoked command in '/home/daniel/ROS_Workspaces/ros2_ws/src/ros_wheelchair_project/build/ros_wheelchair_project' returned '0': CMAKE_PREFIX_PATH=/opt/ros/foxy /usr/bin/cmake --build /home/daniel/ROS_Workspaces/ros2_ws/src/ros_wheelchair_project/build/ros_wheelchair_project -- -j4 -l4
[3.860s] DEBUG:colcon.colcon_core.event_handler.log_command:Invoking command in '/home/daniel/ROS_Workspaces/ros2_ws/src/ros_wheelchair_project/build/ros_wheelchair_project': CMAKE_PREFIX_PATH=/opt/ros/foxy /usr/bin/cmake --install /home/daniel/ROS_Workspaces/ros2_ws/src/ros_wheelchair_project/build/ros_wheelchair_project
[3.893s] Level 1:colcon.colcon_core.environment:create_environment_scripts_only(ros_wheelchair_project)
[3.895s] DEBUG:colcon.colcon_core.event_handler.log_command:Invoked command in '/home/daniel/ROS_Workspaces/ros2_ws/src/ros_wheelchair_project/build/ros_wheelchair_project' returned '0': CMAKE_PREFIX_PATH=/opt/ros/foxy /usr/bin/cmake --install /home/daniel/ROS_Workspaces/ros2_ws/src/ros_wheelchair_project/build/ros_wheelchair_project
[3.911s] Level 1:colcon.colcon_core.environment:checking '/home/daniel/ROS_Workspaces/ros2_ws/src/ros_wheelchair_project/install/ros_wheelchair_project' for CMake module files
[3.913s] Level 1:colcon.colcon_core.environment:checking '/home/daniel/ROS_Workspaces/ros2_ws/src/ros_wheelchair_project/install/ros_wheelchair_project' for CMake config files
[3.917s] Level 1:colcon.colcon_core.shell:create_environment_hook('ros_wheelchair_project', 'cmake_prefix_path')
[3.919s] INFO:colcon.colcon_core.shell:Creating environment hook '/home/daniel/ROS_Workspaces/ros2_ws/src/ros_wheelchair_project/install/ros_wheelchair_project/share/ros_wheelchair_project/hook/cmake_prefix_path.ps1'
[3.921s] INFO:colcon.colcon_core.shell:Creating environment descriptor '/home/daniel/ROS_Workspaces/ros2_ws/src/ros_wheelchair_project/install/ros_wheelchair_project/share/ros_wheelchair_project/hook/cmake_prefix_path.dsv'
[3.922s] INFO:colcon.colcon_core.shell:Creating environment hook '/home/daniel/ROS_Workspaces/ros2_ws/src/ros_wheelchair_project/install/ros_wheelchair_project/share/ros_wheelchair_project/hook/cmake_prefix_path.sh'
[3.924s] Level 1:colcon.colcon_core.environment:checking '/home/daniel/ROS_Workspaces/ros2_ws/src/ros_wheelchair_project/install/ros_wheelchair_project/bin'
[3.925s] Level 1:colcon.colcon_core.environment:checking '/home/daniel/ROS_Workspaces/ros2_ws/src/ros_wheelchair_project/install/ros_wheelchair_project/lib/pkgconfig/ros_wheelchair_project.pc'
[3.926s] Level 1:colcon.colcon_core.environment:checking '/home/daniel/ROS_Workspaces/ros2_ws/src/ros_wheelchair_project/install/ros_wheelchair_project/lib/python3.8/site-packages'
[3.926s] Level 1:colcon.colcon_core.environment:checking '/home/daniel/ROS_Workspaces/ros2_ws/src/ros_wheelchair_project/install/ros_wheelchair_project/bin'
[3.930s] INFO:colcon.colcon_core.shell:Creating package script '/home/daniel/ROS_Workspaces/ros2_ws/src/ros_wheelchair_project/install/ros_wheelchair_project/share/ros_wheelchair_project/package.ps1'
[3.932s] INFO:colcon.colcon_core.shell:Creating package descriptor '/home/daniel/ROS_Workspaces/ros2_ws/src/ros_wheelchair_project/install/ros_wheelchair_project/share/ros_wheelchair_project/package.dsv'
[3.934s] INFO:colcon.colcon_core.shell:Creating package script '/home/daniel/ROS_Workspaces/ros2_ws/src/ros_wheelchair_project/install/ros_wheelchair_project/share/ros_wheelchair_project/package.sh'
[3.935s] INFO:colcon.colcon_core.shell:Creating package script '/home/daniel/ROS_Workspaces/ros2_ws/src/ros_wheelchair_project/install/ros_wheelchair_project/share/ros_wheelchair_project/package.bash'
[3.937s] INFO:colcon.colcon_core.shell:Creating package script '/home/daniel/ROS_Workspaces/ros2_ws/src/ros_wheelchair_project/install/ros_wheelchair_project/share/ros_wheelchair_project/package.zsh'
[3.938s] Level 1:colcon.colcon_core.environment:create_file_with_runtime_dependencies(/home/daniel/ROS_Workspaces/ros2_ws/src/ros_wheelchair_project/install/ros_wheelchair_project/share/colcon-core/packages/ros_wheelchair_project)
[4.019s] Level 1:colcon.colcon_core.environment:create_environment_scripts_only(ros_wheelchair_project)
[4.022s] Level 1:colcon.colcon_core.environment:checking '/home/daniel/ROS_Workspaces/ros2_ws/src/ros_wheelchair_project/install/ros_wheelchair_project' for CMake module files
[4.023s] Level 1:colcon.colcon_core.environment:checking '/home/daniel/ROS_Workspaces/ros2_ws/src/ros_wheelchair_project/install/ros_wheelchair_project' for CMake config files
[4.024s] Level 1:colcon.colcon_core.shell:create_environment_hook('ros_wheelchair_project', 'cmake_prefix_path')
[4.026s] INFO:colcon.colcon_core.shell:Creating environment hook '/home/daniel/ROS_Workspaces/ros2_ws/src/ros_wheelchair_project/install/ros_wheelchair_project/share/ros_wheelchair_project/hook/cmake_prefix_path.ps1'
[4.027s] INFO:colcon.colcon_core.shell:Creating environment descriptor '/home/daniel/ROS_Workspaces/ros2_ws/src/ros_wheelchair_project/install/ros_wheelchair_project/share/ros_wheelchair_project/hook/cmake_prefix_path.dsv'
[4.029s] INFO:colcon.colcon_core.shell:Creating environment hook '/home/daniel/ROS_Workspaces/ros2_ws/src/ros_wheelchair_project/install/ros_wheelchair_project/share/ros_wheelchair_project/hook/cmake_prefix_path.sh'
[4.032s] Level 1:colcon.colcon_core.environment:checking '/home/daniel/ROS_Workspaces/ros2_ws/src/ros_wheelchair_project/install/ros_wheelchair_project/bin'
[4.032s] Level 1:colcon.colcon_core.environment:checking '/home/daniel/ROS_Workspaces/ros2_ws/src/ros_wheelchair_project/install/ros_wheelchair_project/lib/pkgconfig/ros_wheelchair_project.pc'
[4.033s] Level 1:colcon.colcon_core.environment:checking '/home/daniel/ROS_Workspaces/ros2_ws/src/ros_wheelchair_project/install/ros_wheelchair_project/lib/python3.8/site-packages'
[4.034s] Level 1:colcon.colcon_core.environment:checking '/home/daniel/ROS_Workspaces/ros2_ws/src/ros_wheelchair_project/install/ros_wheelchair_project/bin'
[4.038s] INFO:colcon.colcon_core.shell:Creating package script '/home/daniel/ROS_Workspaces/ros2_ws/src/ros_wheelchair_project/install/ros_wheelchair_project/share/ros_wheelchair_project/package.ps1'
[4.039s] INFO:colcon.colcon_core.shell:Creating package descriptor '/home/daniel/ROS_Workspaces/ros2_ws/src/ros_wheelchair_project/install/ros_wheelchair_project/share/ros_wheelchair_project/package.dsv'
[4.042s] INFO:colcon.colcon_core.shell:Creating package script '/home/daniel/ROS_Workspaces/ros2_ws/src/ros_wheelchair_project/install/ros_wheelchair_project/share/ros_wheelchair_project/package.sh'
[4.044s] INFO:colcon.colcon_core.shell:Creating package script '/home/daniel/ROS_Workspaces/ros2_ws/src/ros_wheelchair_project/install/ros_wheelchair_project/share/ros_wheelchair_project/package.bash'
[4.047s] INFO:colcon.colcon_core.shell:Creating package script '/home/daniel/ROS_Workspaces/ros2_ws/src/ros_wheelchair_project/install/ros_wheelchair_project/share/ros_wheelchair_project/package.zsh'
[4.048s] Level 1:colcon.colcon_core.environment:create_file_with_runtime_dependencies(/home/daniel/ROS_Workspaces/ros2_ws/src/ros_wheelchair_project/install/ros_wheelchair_project/share/colcon-core/packages/ros_wheelchair_project)
[4.049s] DEBUG:colcon.colcon_parallel_executor.executor.parallel:closing loop
[4.050s] DEBUG:colcon.colcon_parallel_executor.executor.parallel:loop closed
[4.050s] DEBUG:colcon.colcon_parallel_executor.executor.parallel:run_until_complete finished with '0'
[4.052s] DEBUG:colcon.colcon_core.event_reactor:joining thread
[4.075s] INFO:colcon.colcon_core.plugin_system:Skipping extension 'colcon_notification.desktop_notification.terminal_notifier': Not used on non-Darwin systems
[4.075s] INFO:colcon.colcon_core.plugin_system:Skipping extension 'colcon_notification.desktop_notification.win32': Not used on non-Windows systems
[4.075s] INFO:colcon.colcon_notification.desktop_notification:Sending desktop notification using 'notify2'
[4.215s] DEBUG:colcon.colcon_core.event_reactor:joined thread
[4.219s] INFO:colcon.colcon_core.shell:Creating prefix script '/home/daniel/ROS_Workspaces/ros2_ws/src/ros_wheelchair_project/install/local_setup.ps1'
[4.223s] INFO:colcon.colcon_core.shell:Creating prefix util module '/home/daniel/ROS_Workspaces/ros2_ws/src/ros_wheelchair_project/install/_local_setup_util_ps1.py'
[4.227s] INFO:colcon.colcon_core.shell:Creating prefix chain script '/home/daniel/ROS_Workspaces/ros2_ws/src/ros_wheelchair_project/install/setup.ps1'
[4.234s] INFO:colcon.colcon_core.shell:Creating prefix script '/home/daniel/ROS_Workspaces/ros2_ws/src/ros_wheelchair_project/install/local_setup.sh'
[4.240s] INFO:colcon.colcon_core.shell:Creating prefix util module '/home/daniel/ROS_Workspaces/ros2_ws/src/ros_wheelchair_project/install/_local_setup_util_sh.py'
[4.244s] INFO:colcon.colcon_core.shell:Creating prefix chain script '/home/daniel/ROS_Workspaces/ros2_ws/src/ros_wheelchair_project/install/setup.sh'
[4.248s] INFO:colcon.colcon_core.shell:Creating prefix script '/home/daniel/ROS_Workspaces/ros2_ws/src/ros_wheelchair_project/install/local_setup.bash'
[4.250s] INFO:colcon.colcon_core.shell:Creating prefix chain script '/home/daniel/ROS_Workspaces/ros2_ws/src/ros_wheelchair_project/install/setup.bash'
[4.255s] INFO:colcon.colcon_core.shell:Creating prefix script '/home/daniel/ROS_Workspaces/ros2_ws/src/ros_wheelchair_project/install/local_setup.zsh'
[4.258s] INFO:colcon.colcon_core.shell:Creating prefix chain script '/home/daniel/ROS_Workspaces/ros2_ws/src/ros_wheelchair_project/install/setup.zsh'
